Using pre-set license
Built from '2020.3/staging' branch; Version is '2020.3.6f1 (338bb68529b2) revision 3378102'; Using compiler version '192528614'; Build Type 'Release'
OS: 'Windows 10 Home Single Language; OS build 19042.985; Version 2009; 64bit' Language: 'en' Physical Memory: 16238 MB
BatchMode: 1, IsHumanControllingUs: 0, StartBugReporterOnCrash: 0, Is64bit: 1, IsPro: 0

 COMMAND LINE ARGUMENTS:
D:\Program\Unity\2020.3.6f1\Editor\Unity.exe
-adb2
-batchMode
-noUpm
-name
AssetImportWorker0
-projectPath
D:/Proyek/Unity/Pemograman Simulasi
-logFile
Logs/AssetImportWorker0.log
-srvPort
49856
Successfully changed project path to: D:/Proyek/Unity/Pemograman Simulasi
D:/Proyek/Unity/Pemograman Simulasi
Using Asset Import Pipeline V2.
Refreshing native plugins compatible for Editor in 209.04 ms, found 1 plugins.
Preloading 0 native plugins for Editor in 0.00 ms.
Initialize engine version: 2020.3.6f1 (338bb68529b2)
[Subsystems] Discovering subsystems at path D:/Program/Unity/2020.3.6f1/Editor/Data/Resources/UnitySubsystems
[Subsystems] Discovering subsystems at path D:/Proyek/Unity/Pemograman Simulasi/Assets
GfxDevice: creating device client; threaded=0
Direct3D:
    Version:  Direct3D 11.0 [level 11.1]
    Renderer: NVIDIA GeForce GTX 1050 Ti (ID=0x1c8c)
    Vendor:   
    VRAM:     4021 MB
    Driver:   27.21.14.6109
Shader 'WFX/Transparent Specular': fallback shader 'Particles/Alpha Blended' not found
Shader 'WFX/Transparent Diffuse': fallback shader 'Particles/Alpha Blended' not found
Initialize mono
Mono path[0] = 'D:/Program/Unity/2020.3.6f1/Editor/Data/Managed'
Mono path[1] = 'D:/Program/Unity/2020.3.6f1/Editor/Data/MonoBleedingEdge/lib/mono/unityjit'
Mono config path = 'D:/Program/Unity/2020.3.6f1/Editor/Data/MonoBleedingEdge/etc'
Using monoOptions --debugger-agent=transport=dt_socket,embedding=1,server=y,suspend=n,address=127.0.0.1:56908
Begin MonoManager ReloadAssembly
Registering precompiled unity dll's ...
Register platform support module: D:/Program/Unity/2020.3.6f1/Editor/Data/PlaybackEngines/WindowsStandaloneSupport/UnityEditor.WindowsStandalone.Extensions.dll
Registered in 0.004270 seconds.
Native extension for WindowsStandalone target not found
Refreshing native plugins compatible for Editor in 182.90 ms, found 1 plugins.
Preloading 0 native plugins for Editor in 0.00 ms.
Mono: successfully reloaded assembly
- Completed reload, in  3.991 seconds
Platform modules already initialized, skipping
Registering precompiled user dll's ...
Registered in 0.006402 seconds.
Begin MonoManager ReloadAssembly
Native extension for WindowsStandalone target not found
Refreshing native plugins compatible for Editor in 1.79 ms, found 1 plugins.
Preloading 0 native plugins for Editor in 0.00 ms.
Mono: successfully reloaded assembly
- Completed reload, in  3.182 seconds
Platform modules already initialized, skipping
========================================================================
Worker process is ready to serve import requests
Shader 'WFX/Transparent Diffuse': fallback shader 'Particles/Alpha Blended' not found
Shader 'WFX/Transparent Specular': fallback shader 'Particles/Alpha Blended' not found
Launched and connected shader compiler UnityShaderCompiler.exe after 0.12 seconds
Refreshing native plugins compatible for Editor in 1.91 ms, found 1 plugins.
Preloading 0 native plugins for Editor in 0.00 ms.
Unloading 2723 Unused Serialized files (Serialized files now loaded: 0)
System memory in use before: 145.5 MB.
System memory in use after: 145.7 MB.

Unloading 15 unused Assets to reduce memory usage. Loaded Objects now: 3201.
Total: 7.234700 ms (FindLiveObjects: 0.905800 ms CreateObjectMapping: 0.723500 ms MarkObjects: 5.068000 ms  DeleteObjects: 0.533800 ms)

========================================================================
Received Import Request.
  path: Assets/Script/Meledak.cs
  artifactKey: Guid(189cffd697cd03f40987e0b44b4abf69) Importer(815301076,1909f56bfc062723c751e8b465ee728b)
Start importing Assets/Script/Meledak.cs using Guid(189cffd697cd03f40987e0b44b4abf69) Importer(815301076,1909f56bfc062723c751e8b465ee728b)  -> (artifact id: '6cecc72ce99816dcf90bd8b89b176b5c') in 0.085892 seconds
  Import took 0.097572 seconds .

========================================================================
Received Import Request.
  Time since last request: 32.649804 seconds.
  path: Assets/Script/Lighting.cs
  artifactKey: Guid(bfabe670caf21ed4599b0ab3ecd00275) Importer(815301076,1909f56bfc062723c751e8b465ee728b)
Start importing Assets/Script/Lighting.cs using Guid(bfabe670caf21ed4599b0ab3ecd00275) Importer(815301076,1909f56bfc062723c751e8b465ee728b)  -> (artifact id: 'd3cbedec4ab287d1d6e5b3ba463abd60') in 0.002895 seconds
  Import took 0.015070 seconds .

========================================================================
Received Prepare
Registering precompiled user dll's ...
Registered in 0.008785 seconds.
Begin MonoManager ReloadAssembly
Native extension for WindowsStandalone target not found
Refreshing native plugins compatible for Editor in 1.90 ms, found 1 plugins.
Preloading 0 native plugins for Editor in 0.00 ms.
Mono: successfully reloaded assembly
- Completed reload, in  3.119 seconds
Platform modules already initialized, skipping
Shader 'WFX/Transparent Diffuse': fallback shader 'Particles/Alpha Blended' not found
Shader 'WFX/Transparent Specular': fallback shader 'Particles/Alpha Blended' not found
Refreshing native plugins compatible for Editor in 1.77 ms, found 1 plugins.
Preloading 0 native plugins for Editor in 0.00 ms.
Unloading 2690 Unused Serialized files (Serialized files now loaded: 0)
System memory in use before: 142.7 MB.
System memory in use after: 142.9 MB.

Unloading 10 unused Assets to reduce memory usage. Loaded Objects now: 3204.
Total: 4.424900 ms (FindLiveObjects: 0.596700 ms CreateObjectMapping: 0.387800 ms MarkObjects: 3.203900 ms  DeleteObjects: 0.232900 ms)

========================================================================
Received Import Request.
  Time since last request: 232.666048 seconds.
  path: Assets/Script/Musuh.cs
  artifactKey: Guid(f6c4b02470d4b1548a9da3d1a4174d6e) Importer(815301076,1909f56bfc062723c751e8b465ee728b)
Start importing Assets/Script/Musuh.cs using Guid(f6c4b02470d4b1548a9da3d1a4174d6e) Importer(815301076,1909f56bfc062723c751e8b465ee728b)  -> (artifact id: 'de71a59e8b622d93520743c8513bd3fd') in 0.011614 seconds
  Import took 0.027824 seconds .

========================================================================
Received Import Request.
  Time since last request: 1056.642410 seconds.
  path: Assets/Script/Projectile.cs
  artifactKey: Guid(e458e83b6f7f5334da6d507f494ae8ab) Importer(815301076,1909f56bfc062723c751e8b465ee728b)
Start importing Assets/Script/Projectile.cs using Guid(e458e83b6f7f5334da6d507f494ae8ab) Importer(815301076,1909f56bfc062723c751e8b465ee728b)  -> (artifact id: '00dc81ad46ee44a75b74991cb41fc809') in 0.003451 seconds
  Import took 0.017825 seconds .

========================================================================
Received Import Request.
  Time since last request: 0.006391 seconds.
  path: Assets/Script/Projectile.cs
  artifactKey: Guid(e458e83b6f7f5334da6d507f494ae8ab) Importer(815301076,1909f56bfc062723c751e8b465ee728b)
Start importing Assets/Script/Projectile.cs using Guid(e458e83b6f7f5334da6d507f494ae8ab) Importer(815301076,1909f56bfc062723c751e8b465ee728b)  -> (artifact id: '00dc81ad46ee44a75b74991cb41fc809') in 0.002965 seconds
  Import took 0.015878 seconds .

AssetImportWorkerClient::OnTransportError - code=2 error=End of file
